HplMsp430UsciInterruptsA1P.nc
Msp430UsciA1P.nc
HplMsp430UsciInterruptsA2P.nc
Msp430UsciA2P.nc
HplMsp430UsciInterruptsA3P.nc
Msp430UsciA3P.nc
HplMsp430UsciInterruptsB0P.nc
Msp430UsciB0P.nc
HplMsp430UsciInterruptsB1P.nc
Msp430UsciB1P.nc
HplMsp430UsciInterruptsB2P.nc
Msp430UsciB2P.nc
HplMsp430UsciInterruptsB3P.nc
Msp430UsciB3P.nc
Msp430UsciUartA1C.nc
Msp430UsciUartA2C.nc
Msp430UsciUartA3C.nc
Msp430UsciUartA1P.nc
Msp430UsciUartA2P.nc
Msp430UsciUartA3P.nc
Msp430UsciSpiB1C.nc
Msp430UsciSpiB2C.nc
Msp430UsciSpiB3C.nc
Msp430UsciSpiA0C.nc
Msp430UsciSpiA1C.nc
Msp430UsciSpiA2C.nc
Msp430UsciSpiA3C.nc
Msp430UsciSpiB1P.nc
Msp430UsciSpiB2P.nc
Msp430UsciSpiB3P.nc
Msp430UsciSpiA0P.nc
Msp430UsciSpiA1P.nc
Msp430UsciSpiA2P.nc
Msp430UsciSpiA3P.nc
Msp430UsciI2CB1C.nc
Msp430UsciI2CB2C.nc
Msp430UsciI2CB3C.nc
Msp430UsciI2CB1P.nc
Msp430UsciI2CB2P.nc
Msp430UsciI2CB3P.nc
